c:\users\negr\desktop\medusa_rust\rust\x64\release\vc142.pdb
c:\users\negr\desktop\medusa_rust\rust\x64\release\overlay.obj
c:\users\negr\desktop\medusa_rust\rust\x64\release\settings.obj
c:\users\negr\desktop\medusa_rust\rust\x64\release\imgui_widgets.obj
c:\users\negr\desktop\medusa_rust\rust\x64\release\imgui_impl_win32.obj
c:\users\negr\desktop\medusa_rust\rust\x64\release\imgui_impl_dx9.obj
c:\users\negr\desktop\medusa_rust\rust\x64\release\imgui_draw.obj
c:\users\negr\desktop\medusa_rust\rust\x64\release\imgui_demo.obj
c:\users\negr\desktop\medusa_rust\rust\x64\release\imgui.obj
c:\users\negr\desktop\medusa_rust\rust\x64\release\main.obj
c:\users\negr\desktop\medusa_rust\x64\release\rust.exe
c:\users\negr\desktop\medusa_rust\x64\release\rust.pdb
c:\users\negr\desktop\medusa_rust\x64\release\rust.ipdb
c:\users\negr\desktop\medusa_rust\x64\release\rust.iobj
c:\users\negr\desktop\medusa_rust\rust\x64\release\rust.tlog\cl.command.1.tlog
c:\users\negr\desktop\medusa_rust\rust\x64\release\rust.tlog\cl.read.1.tlog
c:\users\negr\desktop\medusa_rust\rust\x64\release\rust.tlog\cl.write.1.tlog
c:\users\negr\desktop\medusa_rust\rust\x64\release\rust.tlog\link.command.1.tlog
c:\users\negr\desktop\medusa_rust\rust\x64\release\rust.tlog\link.read.1.tlog
c:\users\negr\desktop\medusa_rust\rust\x64\release\rust.tlog\link.write.1.tlog
c:\users\negr\desktop\medusa_rust\rust\x64\release\rust.tlog\rust.write.1u.tlog
