  Main.cpp
C:\Users\negr\Desktop\medusa_rust_main\rust\SDK\Math.hpp(270,25): warning C4305: 'initializing': truncation from 'double' to 'float'
C:\Users\negr\Desktop\medusa_rust_main\rust\SDK\Math.hpp(272,19): warning C4305: '+=': truncation from 'double' to 'float'
C:\Users\negr\Desktop\medusa_rust_main\rust\SDK\Math.hpp(274,19): warning C4305: '-=': truncation from 'double' to 'float'
C:\Users\negr\Desktop\medusa_rust_main\rust\SDK\Math.hpp(276,19): warning C4305: '+=': truncation from 'double' to 'float'
C:\Users\negr\Desktop\medusa_rust_main\rust\SDK\Math.hpp(277,32): warning C4244: '=': conversion from 'double' to 'float', possible loss of data
C:\Users\negr\Desktop\medusa_rust_main\rust\SDK\Math.hpp(286,66): warning C4244: 'argument': conversion from 'double' to 'float', possible loss of data
C:\Users\negr\Desktop\medusa_rust_main\rust\SDK\Driver.hpp(82,29): warning C4229: anachronism used: modifiers on data are ignored
C:\Users\negr\Desktop\medusa_rust_main\rust\SDK\Driver.hpp(101,29): warning C4229: anachronism used: modifiers on data are ignored
C:\Users\negr\Desktop\medusa_rust_main\rust\SDK\Driver.hpp(159,29): warning C4229: anachronism used: modifiers on data are ignored
C:\Users\negr\Desktop\medusa_rust_main\rust\SDK\Driver.hpp(180,29): warning C4229: anachronism used: modifiers on data are ignored
C:\Users\negr\Desktop\medusa_rust_main\rust\SDK\Driver.hpp(195,29): warning C4229: anachronism used: modifiers on data are ignored
C:\Users\negr\Desktop\medusa_rust_main\rust\SDK\Driver.hpp(213,29): warning C4229: anachronism used: modifiers on data are ignored
C:\Users\negr\Desktop\medusa_rust_main\rust\SDK\BasePlayer.hpp(218,38): warning C4244: 'return': conversion from 'float' to 'int', possible loss of data
C:\Users\negr\Desktop\medusa_rust_main\rust\Features\Aimbot\Aimbot.hpp(60,14): warning C4244: 'initializing': conversion from 'double' to 'float', possible loss of data
C:\Users\negr\Desktop\medusa_rust_main\rust\Features\Aimbot\Aimbot.hpp(107,66): warning C4244: 'argument': conversion from 'unsigned int' to 'float', possible loss of data
C:\Users\negr\Desktop\medusa_rust_main\rust\Features\Aimbot\Aimbot.hpp(107,48): warning C4244: 'argument': conversion from 'unsigned int' to 'float', possible loss of data
C:\Users\negr\Desktop\medusa_rust_main\rust\Features\ESP\DrawESP.hpp(30,87): warning C4305: 'argument': truncation from 'double' to 'float'
C:\Users\negr\Desktop\medusa_rust_main\rust\Features\ESP\DrawESP.hpp(55,87): warning C4305: 'argument': truncation from 'double' to 'float'
C:\Users\negr\Desktop\medusa_rust_main\rust\Features\ESP\DrawESP.hpp(78,88): warning C4305: 'argument': truncation from 'double' to 'float'
C:\Users\negr\Desktop\medusa_rust_main\rust\Features\ESP\DrawESP.hpp(83,11): warning C4101: 'res': unreferenced local variable
C:\Users\negr\Desktop\medusa_rust_main\rust\Features\ESP\DrawESP.hpp(94,90): warning C4305: 'argument': truncation from 'double' to 'float'
C:\Users\negr\Desktop\medusa_rust_main\rust\Features\ESP\DrawESP.hpp(120,14): warning C4244: 'initializing': conversion from 'unsigned int' to 'float', possible loss of data
C:\Users\negr\Desktop\medusa_rust_main\rust\Features\ESP\DrawESP.hpp(121,14): warning C4244: 'initializing': conversion from 'unsigned int' to 'float', possible loss of data
C:\Users\negr\Desktop\medusa_rust_main\rust\Features\ESP\ESP.hpp(36,56): warning C4244: 'argument': conversion from 'unsigned int' to 'float', possible loss of data
C:\Users\negr\Desktop\medusa_rust_main\rust\Features\ESP\ESP.hpp(36,38): warning C4244: 'argument': conversion from 'unsigned int' to 'float', possible loss of data
C:\Users\negr\Desktop\medusa_rust_main\rust\Features\MISC\Misc.hpp(17,15): warning C4244: 'initializing': conversion from 'T' to 'INT16', possible loss of data
          with
          [
              T=uint64_t
          ]
C:\Users\negr\Desktop\medusa_rust_main\rust\Entity\EntityLoop.hpp(31,23): warning C4018: '<': signed/unsigned mismatch
C:\Users\negr\Desktop\medusa_rust_main\rust\Main.cpp(20,40): warning C4018: '<': signed/unsigned mismatch
C:\Users\negr\Desktop\medusa_rust_main\rust\SDK\Driver.hpp(123,1): warning C4229: anachronism used: modifiers on data are ignored
C:\Users\negr\Desktop\medusa_rust_main\rust\SDK\Driver.hpp(241): message : see reference to function template instantiation 'T Read<uint64_t>(UINT_PTR)' being compiled
          with
          [
              T=uint64_t
          ]
C:\Program Files (x86)\Microsoft Visual Studio\2019\Community\VC\Tools\MSVC\14.28.29333\include\xstring(2468,23): warning C4244: 'argument': conversion from 'wchar_t' to 'const _Elem', possible loss of data
          with
          [
              _Elem=char
          ]
C:\Program Files (x86)\Microsoft Visual Studio\2019\Community\VC\Tools\MSVC\14.28.29333\include\xstring(2479): message : see reference to function template instantiation 'void std::basic_string<char,std::char_traits<char>,std::allocator<char>>::_Construct<wchar_t*>(_Iter,const _Iter,std::input_iterator_tag)' being compiled
          with
          [
              _Iter=wchar_t *
          ]
C:\Program Files (x86)\Microsoft Visual Studio\2019\Community\VC\Tools\MSVC\14.28.29333\include\xstring(2479): message : see reference to function template instantiation 'void std::basic_string<char,std::char_traits<char>,std::allocator<char>>::_Construct<wchar_t*>(_Iter,const _Iter,std::input_iterator_tag)' being compiled
          with
          [
              _Iter=wchar_t *
          ]
C:\Program Files (x86)\Microsoft Visual Studio\2019\Community\VC\Tools\MSVC\14.28.29333\include\xstring(2459): message : see reference to function template instantiation 'void std::basic_string<char,std::char_traits<char>,std::allocator<char>>::_Construct<wchar_t*>(const _Iter,const _Iter,std::forward_iterator_tag)' being compiled
          with
          [
              _Iter=wchar_t *
          ]
C:\Program Files (x86)\Microsoft Visual Studio\2019\Community\VC\Tools\MSVC\14.28.29333\include\xstring(2459): message : see reference to function template instantiation 'void std::basic_string<char,std::char_traits<char>,std::allocator<char>>::_Construct<wchar_t*>(const _Iter,const _Iter,std::forward_iterator_tag)' being compiled
          with
          [
              _Iter=wchar_t *
          ]
C:\Users\negr\Desktop\medusa_rust_main\rust\SDK\HeldItem.hpp(32): message : see reference to function template instantiation 'std::basic_string<char,std::char_traits<char>,std::allocator<char>>::basic_string<std::_String_iterator<std::_String_val<std::_Simple_types<_Elem>>>,0>(_Iter,_Iter,const _Alloc &)' being compiled
          with
          [
              _Elem=wchar_t,
              _Iter=std::_String_iterator<std::_String_val<std::_Simple_types<wchar_t>>>,
              _Alloc=std::allocator<char>
          ]
C:\Users\negr\Desktop\medusa_rust_main\rust\SDK\HeldItem.hpp(32): message : see reference to function template instantiation 'std::basic_string<char,std::char_traits<char>,std::allocator<char>>::basic_string<std::_String_iterator<std::_String_val<std::_Simple_types<_Elem>>>,0>(_Iter,_Iter,const _Alloc &)' being compiled
          with
          [
              _Elem=wchar_t,
              _Iter=std::_String_iterator<std::_String_val<std::_Simple_types<wchar_t>>>,
              _Alloc=std::allocator<char>
          ]
  Generating code
  1 of 2353 functions (<0.1%) were compiled, the rest were copied from previous compilation.
    0 functions were new in current compilation
    24 functions had inline decision re-evaluated but remain unchanged
  Finished generating code
  rust.vcxproj -> C:\Users\negr\Desktop\medusa_rust_main\x64\Release\rust.exe
